panic error time:2024-08-19 00:05:43
runtime error: invalid memory address or nil pointer dereferenceStacktrce from panic:goroutine 6 [running]:
runtime/debug.Stack()
	/opt/homebrew/Cellar/go@1.21/1.21.13/libexec/src/runtime/debug/stack.go:24 +0x64
gin-ranking/pkg/logger.Recover.func1()
	/Users/qian/gin-ranking/pkg/logger/logger.go:141 +0x1e8
panic({0x102abc1c0?, 0x102f002e0?})
	/opt/homebrew/Cellar/go@1.21/1.21.13/libexec/src/runtime/panic.go:914 +0x218
github.com/gin-contrib/sessions.(*session).Session(0x1400008c370)
	/Users/qian/go/pkg/mod/github.com/gin-contrib/sessions@v1.0.1/sessions.go:132 +0x2c
github.com/gin-contrib/sessions.(*session).Set(0x1400008c370, {0x102a88f00, 0x14000020850}, {0x102a89080?, 0x102ed22c8})
	/Users/qian/go/pkg/mod/github.com/gin-contrib/sessions@v1.0.1/sessions.go:88 +0x34
gin-ranking/controllers.UserController.Login({}, 0x14000161458?)
	/Users/qian/gin-ranking/controllers/user.go:69 +0x280
github.com/gin-gonic/gin.(*Context).Next(0x140000b0100)
	/Users/qian/go/pkg/mod/github.com/gin-gonic/gin@v1.10.0/context.go:185 +0x3c
gin-ranking/router.Router.Sessions.func1(0x140000b0100)
	/Users/qian/go/pkg/mod/github.com/gin-contrib/sessions@v1.0.1/sessions.go:54 +0x170
github.com/gin-gonic/gin.(*Context).Next(...)
	/Users/qian/go/pkg/mod/github.com/gin-gonic/gin@v1.10.0/context.go:185
gin-ranking/pkg/logger.Recover(0x140000b0100)
	/Users/qian/gin-ranking/pkg/logger/logger.go:151 +0x6c
github.com/gin-gonic/gin.(*Context).Next(...)
	/Users/qian/go/pkg/mod/github.com/gin-gonic/gin@v1.10.0/context.go:185
github.com/gin-gonic/gin.LoggerWithConfig.func1(0x140000b0100)
	/Users/qian/go/pkg/mod/github.com/gin-gonic/gin@v1.10.0/logger.go:249 +0xb4
github.com/gin-gonic/gin.(*Context).Next(...)
	/Users/qian/go/pkg/mod/github.com/gin-gonic/gin@v1.10.0/context.go:185
github.com/gin-gonic/gin.CustomRecoveryWithWriter.func1(0x140000b0100)
	/Users/qian/go/pkg/mod/github.com/gin-gonic/gin@v1.10.0/recovery.go:102 +0x80
github.com/gin-gonic/gin.(*Context).Next(...)
	/Users/qian/go/pkg/mod/github.com/gin-gonic/gin@v1.10.0/context.go:185
github.com/gin-gonic/gin.LoggerWithConfig.func1(0x140000b0100)
	/Users/qian/go/pkg/mod/github.com/gin-gonic/gin@v1.10.0/logger.go:249 +0xb4
github.com/gin-gonic/gin.(*Context).Next(...)
	/Users/qian/go/pkg/mod/github.com/gin-gonic/gin@v1.10.0/context.go:185
github.com/gin-gonic/gin.(*Engine).handleHTTPRequest(0x14000003860, 0x140000b0100)
	/Users/qian/go/pkg/mod/github.com/gin-gonic/gin@v1.10.0/gin.go:633 +0x6c8
github.com/gin-gonic/gin.(*Engine).ServeHTTP(0x14000003860, {0x102b54040?, 0x1400009e1c0}, 0x140000b0000)
	/Users/qian/go/pkg/mod/github.com/gin-gonic/gin@v1.10.0/gin.go:589 +0x1a0
net/http.serverHandler.ServeHTTP({0x102b52930?}, {0x102b54040?, 0x1400009e1c0?}, 0x6?)
	/opt/homebrew/Cellar/go@1.21/1.21.13/libexec/src/net/http/server.go:2943 +0xbc
net/http.(*conn).serve(0x1400008e120, {0x102b54f78, 0x14000090510})
	/opt/homebrew/Cellar/go@1.21/1.21.13/libexec/src/net/http/server.go:2014 +0x518
created by net/http.(*Server).Serve in goroutine 1
	/opt/homebrew/Cellar/go@1.21/1.21.13/libexec/src/net/http/server.go:3091 +0x4cc

panic error time:2024-08-19 00:08:30
runtime error: invalid memory address or nil pointer dereferenceStacktrce from panic:goroutine 6 [running]:
runtime/debug.Stack()
	/opt/homebrew/Cellar/go@1.21/1.21.13/libexec/src/runtime/debug/stack.go:24 +0x64
gin-ranking/pkg/logger.Recover.func1()
	/Users/qian/gin-ranking/pkg/logger/logger.go:141 +0x1e8
panic({0x102abc1c0?, 0x102f002e0?})
	/opt/homebrew/Cellar/go@1.21/1.21.13/libexec/src/runtime/panic.go:914 +0x218
github.com/gin-contrib/sessions.(*session).Session(0x1400023a780)
	/Users/qian/go/pkg/mod/github.com/gin-contrib/sessions@v1.0.1/sessions.go:132 +0x2c
github.com/gin-contrib/sessions.(*session).Set(0x1400023a780, {0x102a88f00, 0x14000020b50}, {0x102a89080?, 0x102ed22c8})
	/Users/qian/go/pkg/mod/github.com/gin-contrib/sessions@v1.0.1/sessions.go:88 +0x34
gin-ranking/controllers.UserController.Login({}, 0x14000273458?)
	/Users/qian/gin-ranking/controllers/user.go:69 +0x280
github.com/gin-gonic/gin.(*Context).Next(0x14000264c00)
	/Users/qian/go/pkg/mod/github.com/gin-gonic/gin@v1.10.0/context.go:185 +0x3c
gin-ranking/router.Router.Sessions.func1(0x14000264c00)
	/Users/qian/go/pkg/mod/github.com/gin-contrib/sessions@v1.0.1/sessions.go:54 +0x170
github.com/gin-gonic/gin.(*Context).Next(...)
	/Users/qian/go/pkg/mod/github.com/gin-gonic/gin@v1.10.0/context.go:185
gin-ranking/pkg/logger.Recover(0x14000264c00)
	/Users/qian/gin-ranking/pkg/logger/logger.go:151 +0x6c
github.com/gin-gonic/gin.(*Context).Next(...)
	/Users/qian/go/pkg/mod/github.com/gin-gonic/gin@v1.10.0/context.go:185
github.com/gin-gonic/gin.LoggerWithConfig.func1(0x14000264c00)
	/Users/qian/go/pkg/mod/github.com/gin-gonic/gin@v1.10.0/logger.go:249 +0xb4
github.com/gin-gonic/gin.(*Context).Next(...)
	/Users/qian/go/pkg/mod/github.com/gin-gonic/gin@v1.10.0/context.go:185
github.com/gin-gonic/gin.CustomRecoveryWithWriter.func1(0x14000264c00)
	/Users/qian/go/pkg/mod/github.com/gin-gonic/gin@v1.10.0/recovery.go:102 +0x80
github.com/gin-gonic/gin.(*Context).Next(...)
	/Users/qian/go/pkg/mod/github.com/gin-gonic/gin@v1.10.0/context.go:185
github.com/gin-gonic/gin.LoggerWithConfig.func1(0x14000264c00)
	/Users/qian/go/pkg/mod/github.com/gin-gonic/gin@v1.10.0/logger.go:249 +0xb4
github.com/gin-gonic/gin.(*Context).Next(...)
	/Users/qian/go/pkg/mod/github.com/gin-gonic/gin@v1.10.0/context.go:185
github.com/gin-gonic/gin.(*Engine).handleHTTPRequest(0x14000003860, 0x14000264c00)
	/Users/qian/go/pkg/mod/github.com/gin-gonic/gin@v1.10.0/gin.go:633 +0x6c8
github.com/gin-gonic/gin.(*Engine).ServeHTTP(0x14000003860, {0x102b54040?, 0x1400025f180}, 0x14000264b00)
	/Users/qian/go/pkg/mod/github.com/gin-gonic/gin@v1.10.0/gin.go:589 +0x1a0
net/http.serverHandler.ServeHTTP({0x102b52930?}, {0x102b54040?, 0x1400025f180?}, 0x6?)
	/opt/homebrew/Cellar/go@1.21/1.21.13/libexec/src/net/http/server.go:2943 +0xbc
net/http.(*conn).serve(0x1400008e120, {0x102b54f78, 0x14000090510})
	/opt/homebrew/Cellar/go@1.21/1.21.13/libexec/src/net/http/server.go:2014 +0x518
created by net/http.(*Server).Serve in goroutine 1
	/opt/homebrew/Cellar/go@1.21/1.21.13/libexec/src/net/http/server.go:3091 +0x4cc

